2016-09-29 13:35:54.618 LOG_ALARM -----------------  log4z thread started!   ---------------------------- log4z.cpp:1767
2016-09-29 13:35:54.618 LOG_ALARM logger id=0 key=Main name=Main path=./log/ level=1 display=true log4z.cpp:1777
2016-09-29 13:35:54.668 LOG_ALARM start test
 sockman.cpp:163
2016-09-29 13:35:54.668 LOG_INFO  start server for recive
 sockman.cpp:166
2016-09-29 13:35:57.330 LOG_INFO  
	[
	00007ffea7b15180: 3b 00 00 00 00 00 00 00 
	00007ffea7b15180:  ;  .  .  .  .  .  .  . 
	]
	 TCPMan.cpp:102
2016-09-29 13:35:57.330 LOG_INFO  
	[
	00007ffea7b15500: aa 55 11 22 33 44 55 66 77 88 99 00 bb cc dd ee 
	00007ffea7b15500:  .  U  .  "  3  D  U  f  w  .  .  .  .  .  .  . 
	00007ffea7b15510: ff fe fd fc fb fa f0 01 02 03 04 05 06 07 08 09 
	00007ffea7b15510:  .  .  .  .  .  .  .  .  .  .  .  .  .  .  .  . 
	00007ffea7b15520: 12 23 34 45 56 67 78 89 9a ab bc cd de ef ff ad 
	00007ffea7b15520:  .  #  4  E  V  g  x  .  .  .  .  .  .  .  .  . 
	00007ffea7b15530: fb ce 56 83 53 56 77 88 98 39 20 
	00007ffea7b15530:  .  .  V  .  S  V  w  .  .  9    
	]
	 TCPMan.cpp:116
