2016-09-29 13:31:45.607 LOG_ALARM -----------------  log4z thread started!   ---------------------------- log4z.cpp:1767
2016-09-29 13:31:45.608 LOG_ALARM logger id=0 key=Main name=Main path=./log/ level=1 display=true log4z.cpp:1777
2016-09-29 13:31:45.657 LOG_ALARM start test
 sockman.cpp:163
2016-09-29 13:31:45.657 LOG_INFO  start server for recive
 sockman.cpp:166
2016-09-29 13:31:51.372 LOG_DEBUG 
	[
	00007ffd3b732400: 3b 00 00 00 00 00 00 00 
	00007ffd3b732400:  ;  .  .  .  .  .  .  . 
	]
	 TCPMan.cpp:102
2016-09-29 13:31:51.372 LOG_DEBUG 
	[
	00007ffd3b732780: aa 55 11 22 33 44 55 66 77 88 99 00 bb cc dd ee 
	00007ffd3b732780:  .  U  .  "  3  D  U  f  w  .  .  .  .  .  .  . 
	00007ffd3b732790: ff fe fd fc fb fa f0 01 02 03 04 05 06 07 08 09 
	00007ffd3b732790:  .  .  .  .  .  .  .  .  .  .  .  .  .  .  .  . 
	00007ffd3b7327a0: 12 23 34 45 56 67 78 89 9a ab bc cd de ef ff ad 
	00007ffd3b7327a0:  .  #  4  E  V  g  x  .  .  .  .  .  .  .  .  . 
	00007ffd3b7327b0: fb ce 56 83 53 56 77 88 98 39 20 
	00007ffd3b7327b0:  .  .  V  .  S  V  w  .  .  9    
	]
	 TCPMan.cpp:116
