2016-09-29 13:33:06.324 LOG_ALARM -----------------  log4z thread started!   ---------------------------- log4z.cpp:1767
2016-09-29 13:33:06.324 LOG_ALARM logger id=0 key=Main name=Main path=./log/ level=1 display=true log4z.cpp:1777
2016-09-29 13:33:06.374 LOG_ALARM start test
 sockman.cpp:163
2016-09-29 13:33:06.374 LOG_INFO  start server for recive
 sockman.cpp:166
2016-09-29 13:33:09.451 LOG_DEBUG 
	[
	00007ffe55175b40: 3b 00 00 00 00 00 00 00 
	00007ffe55175b40:  ;  .  .  .  .  .  .  . 
	]
	 TCPMan.cpp:102
2016-09-29 13:33:09.452 LOG_DEBUG 
	[
	00007ffe55175ec0: aa 55 11 22 33 44 55 66 77 88 99 00 bb cc dd ee 
	00007ffe55175ec0:  .  U  .  "  3  D  U  f  w  .  .  .  .  .  .  . 
	00007ffe55175ed0: ff fe fd fc fb fa f0 01 02 03 04 05 06 07 08 09 
	00007ffe55175ed0:  .  .  .  .  .  .  .  .  .  .  .  .  .  .  .  . 
	00007ffe55175ee0: 12 23 34 45 56 67 78 89 9a ab bc cd de ef ff ad 
	00007ffe55175ee0:  .  #  4  E  V  g  x  .  .  .  .  .  .  .  .  . 
	00007ffe55175ef0: fb ce 56 83 53 56 77 88 98 39 20 
	00007ffe55175ef0:  .  .  V  .  S  V  w  .  .  9    
	]
	 TCPMan.cpp:116
