2016-09-29 13:31:51.321 LOG_ALARM -----------------  log4z thread started!   ---------------------------- log4z.cpp:1767
2016-09-29 13:31:51.321 LOG_ALARM logger id=0 key=Main name=Main path=./log/ level=1 display=true log4z.cpp:1777
2016-09-29 13:31:51.371 LOG_ALARM start test
 sockman.cpp:163
2016-09-29 13:31:51.371 LOG_INFO  start client for send test.hex sockman.cpp:171
2016-09-29 13:31:51.372 LOG_DEBUG 
	[
	00007fff55c92f80: 3b 00 00 00 00 00 00 00 
	00007fff55c92f80:  ;  .  .  .  .  .  .  . 
	]
	 TCPMan.cpp:66
2016-09-29 13:31:51.372 LOG_DEBUG 
	[
	00007fff55c93300: aa 55 11 22 33 44 55 66 77 88 99 00 bb cc dd ee 
	00007fff55c93300:  .  U  .  "  3  D  U  f  w  .  .  .  .  .  .  . 
	00007fff55c93310: ff fe fd fc fb fa f0 01 02 03 04 05 06 07 08 09 
	00007fff55c93310:  .  .  .  .  .  .  .  .  .  .  .  .  .  .  .  . 
	00007fff55c93320: 12 23 34 45 56 67 78 89 9a ab bc cd de ef ff ad 
	00007fff55c93320:  .  #  4  E  V  g  x  .  .  .  .  .  .  .  .  . 
	00007fff55c93330: fb ce 56 83 53 56 77 88 98 39 20 
	00007fff55c93330:  .  .  V  .  S  V  w  .  .  9    
	]
	 TCPMan.cpp:80
